<?xml version="1.0" encoding="UTF-8"?>
<testsuite name="HelloWorldTest" tests="1" skipped="0" failures="0" errors="0" timestamp="2023-02-07T17:09:07" hostname="Martins-MacBook-Pro.local" time="0.009">
  <properties/>
  <testcase name="helloWorldTest" classname="HelloWorldTest" time="0.009"/>
  <system-out><![CDATA[]]></system-out>
  <system-err><![CDATA[]]></system-err>
</testsuite>
